<?xml version="1.0" encoding="UTF-8"?>
<testng-results skipped="0" failed="0" ignored="0" total="1" passed="1">
  <reporter-output>
  </reporter-output>
  <suite name="Default suite" duration-ms="7045" started-at="2021-03-29T15:14:04 IST" finished-at="2021-03-29T15:14:11 IST">
    <groups>
    </groups>
    <test name="Default test" duration-ms="7045" started-at="2021-03-29T15:14:04 IST" finished-at="2021-03-29T15:14:11 IST">
      <class name="Day7.Headless">
        <test-method status="PASS" signature="f()[pri:0, instance:Day7.Headless@80169cf]" name="f" duration-ms="6998" started-at="2021-03-29T15:14:04 IST" finished-at="2021-03-29T15:14:11 IST">
          <reporter-output>
          </reporter-output>
        </test-method> <!-- f -->
      </class> <!-- Day7.Headless -->
    </test> <!-- Default test -->
  </suite> <!-- Default suite -->
</testng-results>
